#-----------------------------------------------------------
# Vivado v2018.3 (64-bit)
# SW Build 2405991 on Thu Dec  6 23:38:27 MST 2018
# IP Build 2404404 on Fri Dec  7 01:43:56 MST 2018
# Start of session at: Sun Jun 19 18:39:16 2022
# Process ID: 13912
# Current directory: C:/Users/wty02/project_6
# Command line: vivado.exe -gui_launcher_event rodinguilauncherevent11684 C:\Users\wty02\project_6\project_6.xpr
# Log file: C:/Users/wty02/project_6/vivado.log
# Journal file: C:/Users/wty02/project_6\vivado.jou
#-----------------------------------------------------------
start_gui
open_project C:/Users/wty02/project_6/project_6.xpr
Scanning sources...
Finished scanning sources
INFO: [IP_Flow 19-234] Refreshing IP repositories
INFO: [IP_Flow 19-1704] No user IP repositories specified
INFO: [IP_Flow 19-2313] Loaded Vivado IP repository 'C:/Xilinx/Vivado/2018.3/data/ip'.
open_project: Time (s): cpu = 00:00:12 ; elapsed = 00:00:05 . Memory (MB): peak = 796.398 ; gain = 158.184
update_compile_order -fileset sources_1
exit
INFO: [Common 17-206] Exiting Vivado at Sun Jun 19 18:39:55 2022...
